<?xml version="1.0" encoding="UTF-8"?>
<!-- Generated by org.testng.reporters.JUnitReportReporter -->
<testsuite hostname="DESKTOP-TRF1IK7" failures="0" tests="1" name="com.kite.Testclass.LogineFun" time="26.830" errors="0" timestamp="2022-04-09T12:27:39 GMT-06:00" skipped="0">
  <testcase classname="com.kite.Testclass.LogineFun" name="m1" time="26.830"/>
  <system-out/>
</testsuite> <!-- com.kite.Testclass.LogineFun -->
